0 silly argv {
0 silly argv   _: [ 'create' ],
0 silly argv   lernaVersion: '4.0.0',
0 silly argv   '$0': 'node_modules/.bin/lerna',
0 silly argv   name: 'loja'
0 silly argv }
1 notice cli v4.0.0
2 verbose rootPath /mnt/d/Documentos/GitHub/ecommerceduda.front/dudaecommerce
3 info versioning independent
4 error Error: canceled
4 error     at Interface.<anonymous> (/mnt/d/Documentos/GitHub/ecommerceduda.front/dudaecommerce/node_modules/read/lib/read.js:66:13)
4 error     at Interface.emit (events.js:376:20)
4 error     at Interface._ttyWrite (readline.js:880:16)
4 error     at ReadStream.onkeypress (readline.js:213:10)
4 error     at ReadStream.emit (events.js:376:20)
4 error     at emitKeys (internal/readline/utils.js:345:14)
4 error     at emitKeys.next (<anonymous>)
4 error     at ReadStream.onData (readline.js:1149:36)
4 error     at ReadStream.emit (events.js:376:20)
4 error     at addChunk (internal/streams/readable.js:309:12)
4 error     at readableAddChunk (internal/streams/readable.js:284:9)
4 error     at ReadStream.Readable.push (internal/streams/readable.js:223:10)
